  Game.cpp
E:\Cprograme\Fishgame\FishGame\Game.h(13,2): warning C4091: “typedef ”: 没有声明变量时忽略“gameSceneState”的左侧
E:\Cprograme\Fishgame\FishGame\Game.cpp(13,17): warning C4244: “参数”: 从“time_t”转换到“unsigned int”，可能丢失数据
E:\Cprograme\Fishgame\FishGame\Game.cpp(87,28): warning C4305: “*=”: 从“double”到“float”截断
E:\Cprograme\Fishgame\FishGame\Game.cpp(88,28): warning C4305: “*=”: 从“double”到“float”截断
E:\Cprograme\Fishgame\FishGame\Game.cpp(102,28): warning C4305: “*=”: 从“double”到“float”截断
E:\Cprograme\Fishgame\FishGame\Game.cpp(103,28): warning C4305: “*=”: 从“double”到“float”截断
E:\Cprograme\Fishgame\FishGame\Game.cpp(117,28): warning C4305: “*=”: 从“double”到“float”截断
E:\Cprograme\Fishgame\FishGame\Game.cpp(118,28): warning C4305: “*=”: 从“double”到“float”截断
E:\Cprograme\Fishgame\FishGame\Game.cpp(139,34): warning C4244: “=”: 从“int”转换到“float”，可能丢失数据
E:\Cprograme\Fishgame\FishGame\Game.cpp(140,34): warning C4244: “=”: 从“int”转换到“float”，可能丢失数据
E:\Cprograme\Fishgame\FishGame\Game.cpp(145,35): warning C4244: “=”: 从“int”转换到“float”，可能丢失数据
E:\Cprograme\Fishgame\FishGame\Game.cpp(146,35): warning C4244: “=”: 从“int”转换到“float”，可能丢失数据
E:\Cprograme\Fishgame\FishGame\Game.cpp(175,22): warning C4244: “=”: 从“int”转换到“float”，可能丢失数据
E:\Cprograme\Fishgame\FishGame\Game.cpp(210,37): warning C4244: “=”: 从“int”转换到“float”，可能丢失数据
E:\Cprograme\Fishgame\FishGame\Game.cpp(211,37): warning C4244: “=”: 从“int”转换到“float”，可能丢失数据
  正在生成代码
  1 of 115 functions ( 0.9%) were compiled, the rest were copied from previous compilation.
    0 functions were new in current compilation
    2 functions had inline decision re-evaluated but remain unchanged
  已完成代码的生成
  FishGame.vcxproj -> E:\Cprograme\Fishgame\FishGame\x64\Release\FishGame.exe
